<?xml version="1.0" encoding="UTF-8"?>
<!-- Generated by org.testng.reporters.JUnitReportReporter -->
<testsuite hostname="LAPTOP-TRLOEU4K" failures="0" tests="2" name="Runner.TestNG" time="0.052" errors="0" timestamp="2024-04-18T08:12:54 IST" skipped="0">
  <testcase classname="Runner.TestNG" name="runScenario" time="0.049"/>
  <testcase classname="Runner.TestNG" name="runScenario" time="0.003"/>
</testsuite> <!-- Runner.TestNG -->
